2075794
3180543
1652176
19249
2085357
2758597
2064042
756262
3135406
523983
2254380
2479027
1451613
1821621
2740744
3060549
554745
5317872
452523
535437
4136476
514033
1739503
3063023
1492718
279310
896952
1816058
353491
4332876
587489
3966744
2036470
1146471
3939559
762365
4166775
2688624
1558564
2837534
677027
1930788
5190979
2868778
1986525
2206731
2918716
538337
1184735
2394519
855513
3541531
2694322
622948
3414362
2791977
1253271
291770
1
1306094
2827089
4196804
2828798
1257796
4935270
5091309
4441434
274533
5199534
5025720
1830316
4298717
3973118
5228640
4698415
773920
982407
4121832
1583840
3415799
3631298
3099142
3968604
4289376
3532837
1762125
4323327
4743927
4085480
3258261
259677
357078
2179250
264029
2061156
2320691
4568294
2615067
1844019
4783410
